20:35:07.692452 [D] echo start...
20:38:55.670473 [D] echo start...
20:41:52.507077 [D] echo start...
20:42:36.390334 [D] echo start...
20:43:32.592256 [D] echo start...
20:44:41.642751 [D] echo start...
20:46:38.680985 [D] echo start...
20:47:28.651023 [D] echo start...
20:48:37.529267 [D] echo start...
20:49:03.935919 [D] echo start...
20:57:47.513399 [D] echo start...
20:59:51.187737 [D] echo start...
21:02:33.395394 [D] echo start...
21:04:54.680258 [D] echo start...
21:06:59.773001 [D] echo start...
21:08:04.095843 [D] echo start...
21:09:23.923670 [D] echo start...
21:14:12.410633 [D] echo start...
21:14:12.412137 [D] WestWall receive echo message...
21:14:12.412137 [D] map[arg5:9223372036854775807 arg1:arg1 arg2:true arg3:1.33333 arg4:1111]
21:16:21.923019 [D] echo start...
21:16:21.923521 [D] WestWall receive echo message...
21:16:21.923521 [D] map[arg2:true arg3:1.33333 arg4:1111 arg5:9223372036854775807 arg1:arg1]
21:16:57.167691 [D] echo start...
21:16:57.168194 [D] WestWall receive echo message...
21:16:57.168706 [D] map[arg1:arg1 arg2:true arg3:1.33333 arg4:1111 arg5:9223372036854775807]
21:30:25.593982 [D] echo start...
21:30:25.594447 [D] NorthWall receive echo message...
21:30:25.594949 [D] map[arg3:1.33333 arg4:1111 arg5:9223372036854775807 arg1:arg1 arg2:true]
21:36:32.813438 [D] echo start...
21:36:32.813851 [D] NorthWall receive echo message...
21:36:32.814353 [D] map[arg1:arg1 arg2:true arg3:1.33333 arg4:1111 arg5:9223372036854775807]
21:39:23.056683 [D] echo start...
21:39:23.057142 [D] NorthWall receive echo message...
21:39:23.057142 [D] map[arg3:1.33333 arg4:1111 arg5:9223372036854775807 arg1:arg1 arg2:true]
21:39:23.057655 [D] SouthWall receive echo message...
21:39:23.058145 [D] map[arg2:true arg3:1.33333 arg4:1111 arg5:9223372036854775807 arg1:arg1]
21:39:23.058145 [D] WestWall receive echo message...
21:39:23.058145 [D] map[arg2:true arg3:1.33333 arg4:1111 arg5:9223372036854775807 arg1:arg1]
21:41:06.077447 [D] echo start...
21:41:06.077860 [D] NorthWall receive echo message...
21:41:06.077860 [D] map[arg1:arg1 arg2:true arg3:1.33333 arg4:1111 arg5:9223372036854775807]
21:41:06.078362 [D] SouthWall receive echo message...
21:41:06.078362 [D] map[arg3:1.33333 arg4:1111 arg5:9223372036854775807 arg1:arg1 arg2:true]
21:41:06.078362 [D] WestWall receive echo message...
21:41:06.078871 [D] map[arg3:1.33333 arg4:1111 arg5:9223372036854775807 arg1:arg1 arg2:true]
21:43:42.828841 [D] echo start...
21:43:42.829255 [D] NorthWall receive echo message...
21:43:42.829768 [D] map[arg3:1.33333 arg4:1111 arg5:9223372036854775807 arg1:arg1 arg2:true]
21:43:42.829768 [D] SouthWall receive echo message...
21:43:42.829768 [D] map[arg2:true arg3:1.33333 arg4:1111 arg5:9223372036854775807 arg1:arg1]
21:43:42.830267 [D] WestWall receive echo message...
21:43:42.830267 [D] map[arg5:9223372036854775807 arg1:arg1 arg2:true arg3:1.33333 arg4:1111]
21:47:39.850497 [D] echo start...
21:47:39.850910 [D] NorthWall receive echo message...
21:47:39.851415 [D] map[arg2:true arg3:1.33333 arg4:1111 arg5:9223372036854775807 arg1:arg1]
21:47:39.851415 [D] SouthWall receive echo message...
21:47:39.851415 [D] map[arg4:1111 arg5:9223372036854775807 arg1:arg1 arg2:true arg3:1.33333]
21:47:39.851415 [D] WestWall receive echo message...
21:47:39.851916 [D] map[arg1:arg1 arg2:true arg3:1.33333 arg4:1111 arg5:9223372036854775807]
